<?xml version="1.0" encoding="UTF-8"?>
<testng-results skipped="0" failed="0" total="1" passed="1">
  <reporter-output>
  </reporter-output>
  <suite name="Default suite" duration-ms="110245" started-at="2017-01-06T10:51:23Z" finished-at="2017-01-06T10:53:13Z">
    <groups>
    </groups>
    <test name="Default test" duration-ms="110245" started-at="2017-01-06T10:51:23Z" finished-at="2017-01-06T10:53:13Z">
      <class name="Measurementtest.Runtest">
        <test-method status="PASS" signature="Test()[pri:0, instance:Measurementtest.Runtest@78c730]" name="Test" duration-ms="110229" started-at="2017-01-06T16:21:23Z" finished-at="2017-01-06T16:23:13Z">
          <reporter-output>
          </reporter-output>
        </test-method> <!-- Test -->
      </class> <!-- Measurementtest.Runtest -->
    </test> <!-- Default test -->
  </suite> <!-- Default suite -->
</testng-results>
